build/app/intermediates/manifest_merge_blame_file/release/manifest-merger-blame-release-report.txt
1<?xml version="1.0" encoding="utf-8"?>
2<manifest xmlns:android="http://schemas.android.com/apk/res/android"
3    package="com.irootsm.st_thomas"
4    android:versionCode="20"
5    android:versionName="1.0.20" >
6
7    <uses-sdk
8        android:minSdkVersion="21"
9        android:targetSdkVersion="34" />
10
11    <uses-permission android:name="android.permission.INTERNET" />
11-->src/main/AndroidManifest.xml:5:5-67
11-->src/main/AndroidManifest.xml:5:22-64
12
13    <!-- Notification -->
14    <uses-permission android:name="android.permission.POST_NOTIFICATIONS" />
14-->src/main/AndroidManifest.xml:8:5-77
14-->src/main/AndroidManifest.xml:8:22-74
15    <uses-permission android:name="android.permission.FOREGROUND_SERVICE" />
15-->src/main/AndroidManifest.xml:9:5-77
15-->src/main/AndroidManifest.xml:9:22-74
16    <uses-permission android:name="android.permission.ACCESS_NETWORK_STATE" />
16-->[:connectivity_plus] AndroidManifest.xml:7:5-79
16-->[:connectivity_plus] AndroidManifest.xml:7:22-76
17    <uses-permission android:name="android.permission.WAKE_LOCK" />
17-->[:firebase_messaging] AndroidManifest.xml:8:5-68
17-->[:firebase_messaging] AndroidManifest.xml:8:22-65
18
19    <queries>
19-->[:flutter_inappwebview_android] AndroidManifest.xml:7:5-11:15
20        <intent>
20-->[:flutter_inappwebview_android] AndroidManifest.xml:8:9-10:18
21            <action android:name="android.support.customtabs.action.CustomTabsService" />
21-->[:flutter_inappwebview_android] AndroidManifest.xml:9:13-90
21-->[:flutter_inappwebview_android] AndroidManifest.xml:9:21-87
22        </intent>
23    </queries>
24
25    <uses-permission android:name="android.permission.VIBRATE" /> <!-- Required by older versions of Google Play services to create IID tokens -->
25-->[:flutter_local_notifications] AndroidManifest.xml:7:5-66
25-->[:flutter_local_notifications] AndroidManifest.xml:7:22-63
26    <uses-permission android:name="com.google.android.c2dm.permission.RECEIVE" />
26-->[com.google.firebase:firebase-messaging:24.1.0] AndroidManifest.xml:26:5-82
26-->[com.google.firebase:firebase-messaging:24.1.0] AndroidManifest.xml:26:22-79
27    <uses-permission android:name="android.permission.ACCESS_ADSERVICES_ATTRIBUTION" />
27-->[com.google.android.gms:play-services-measurement-api:22.2.0] AndroidManifest.xml:26:5-88
27-->[com.google.android.gms:play-services-measurement-api:22.2.0] AndroidManifest.xml:26:22-85
28    <uses-permission android:name="android.permission.ACCESS_ADSERVICES_AD_ID" />
28-->[com.google.android.gms:play-services-measurement-api:22.2.0] AndroidManifest.xml:27:5-82
28-->[com.google.android.gms:play-services-measurement-api:22.2.0] AndroidManifest.xml:27:22-79
29    <uses-permission android:name="com.google.android.finsky.permission.BIND_GET_INSTALL_REFERRER_SERVICE" />
29-->[com.google.android.gms:play-services-measurement:22.2.0] AndroidManifest.xml:26:5-110
29-->[com.google.android.gms:play-services-measurement:22.2.0] AndroidManifest.xml:26:22-107
30
31    <permission
31-->[androidx.core:core:1.13.1] AndroidManifest.xml:22:5-24:47
32        android:name="com.irootsm.st_thomas.DYNAMIC_RECEIVER_NOT_EXPORTED_PERMISSION"
32-->[androidx.core:core:1.13.1] AndroidManifest.xml:23:9-81
33        android:protectionLevel="signature" />
33-->[androidx.core:core:1.13.1] AndroidManifest.xml:24:9-44
34
35    <uses-permission android:name="com.irootsm.st_thomas.DYNAMIC_RECEIVER_NOT_EXPORTED_PERMISSION" /> <!-- Notification -->
35-->[androidx.core:core:1.13.1] AndroidManifest.xml:26:5-97
35-->[androidx.core:core:1.13.1] AndroidManifest.xml:26:22-94
36    <application
37        android:name="android.app.Application"
37-->src/main/AndroidManifest.xml:15:9-42
38        android:appComponentFactory="androidx.core.app.CoreComponentFactory"
38-->[androidx.core:core:1.13.1] AndroidManifest.xml:28:18-86
39        android:extractNativeLibs="true"
40        android:icon="@mipmap/ic_launcher"
40-->src/main/AndroidManifest.xml:16:9-43
41        android:label="St.Thomas higher sec school"
41-->src/main/AndroidManifest.xml:17:9-52
42        android:usesCleartextTraffic="true" >
42-->src/main/AndroidManifest.xml:18:9-44
43        <activity
43-->src/main/AndroidManifest.xml:19:9-38:20
44            android:name="com.irootsm.st_thomas.MainActivity"
44-->src/main/AndroidManifest.xml:20:13-41
45            android:configChanges="orientation|keyboardHidden|keyboard|screenSize|smallestScreenSize|locale|layoutDirection|fontScale|screenLayout|density|uiMode"
45-->src/main/AndroidManifest.xml:21:13-163
46            android:exported="true"
46-->src/main/AndroidManifest.xml:22:13-36
47            android:hardwareAccelerated="true"
47-->src/main/AndroidManifest.xml:23:13-47
48            android:launchMode="singleTop"
48-->src/main/AndroidManifest.xml:24:13-43
49            android:theme="@style/LaunchTheme"
49-->src/main/AndroidManifest.xml:25:13-47
50            android:windowSoftInputMode="adjustResize" >
50-->src/main/AndroidManifest.xml:26:13-55
51
52            <!--
53                 Specifies an Android theme to apply to this Activity as soon as
54                 the Android process has started. This theme is visible to the user
55                 while the Flutter UI initializes. After that, this theme continues
56                 to determine the Window background behind the Flutter UI.
57            -->
58            <meta-data
58-->src/main/AndroidManifest.xml:31:13-33:57
59                android:name="io.flutter.embedding.android.NormalTheme"
59-->src/main/AndroidManifest.xml:32:17-72
60                android:resource="@style/NormalTheme" />
60-->src/main/AndroidManifest.xml:33:17-54
61
62            <intent-filter>
62-->src/main/AndroidManifest.xml:34:13-37:29
63                <action android:name="android.intent.action.MAIN" />
63-->src/main/AndroidManifest.xml:35:17-69
63-->src/main/AndroidManifest.xml:35:25-66
64
65                <category android:name="android.intent.category.LAUNCHER" />
65-->src/main/AndroidManifest.xml:36:17-77
65-->src/main/AndroidManifest.xml:36:27-74
66            </intent-filter>
67        </activity>
68        <!--
69             Don't delete the meta-data below.
70             This is used by the Flutter tool to generate GeneratedPluginRegistrant.java
71        -->
72        <meta-data
72-->src/main/AndroidManifest.xml:41:9-43:33
73            android:name="flutterEmbedding"
73-->src/main/AndroidManifest.xml:42:13-44
74            android:value="2" />
74-->src/main/AndroidManifest.xml:43:13-30
75        <meta-data
75-->src/main/AndroidManifest.xml:44:9-46:36
76            android:name="io.flutter.embedding.android.PlatformViews"
76-->src/main/AndroidManifest.xml:45:13-70
77            android:value="true" />
77-->src/main/AndroidManifest.xml:46:13-33
78        <meta-data
78-->src/main/AndroidManifest.xml:47:9-49:41
79            android:name="flutter.embedding.android.AndroidView"
79-->src/main/AndroidManifest.xml:48:5-57
80            android:value="hybrid-composition" />
80-->src/main/AndroidManifest.xml:49:5-39
81
82        <!-- Notification -->
83
84        <service
84-->src/main/AndroidManifest.xml:54:9-57:44
85            android:name="com.dexterous.flutterlocalnotifications.ForegroundService"
85-->src/main/AndroidManifest.xml:55:13-85
86            android:exported="false"
86-->src/main/AndroidManifest.xml:56:13-37
87            android:stopWithTask="false" />
87-->src/main/AndroidManifest.xml:57:13-41
88
89        <receiver
89-->src/main/AndroidManifest.xml:59:9-61:40
90            android:name="com.dexterous.flutterlocalnotifications.ActionBroadcastReceiver"
90-->src/main/AndroidManifest.xml:60:13-91
91            android:exported="false" />
91-->src/main/AndroidManifest.xml:61:13-37
92        <receiver
92-->src/main/AndroidManifest.xml:62:9-64:40
93            android:name="com.dexterous.flutterlocalnotifications.ScheduledNotificationReceiver"
93-->src/main/AndroidManifest.xml:63:13-97
94            android:exported="false" />
94-->src/main/AndroidManifest.xml:64:13-37
95        <receiver
95-->src/main/AndroidManifest.xml:65:9-75:20
96            android:name="com.dexterous.flutterlocalnotifications.ScheduledNotificationBootReceiver"
96-->src/main/AndroidManifest.xml:66:13-101
97            android:exported="false" >
97-->src/main/AndroidManifest.xml:67:13-37
98            <intent-filter>
98-->src/main/AndroidManifest.xml:69:13-74:29
99                <action android:name="android.intent.action.BOOT_COMPLETED" />
99-->src/main/AndroidManifest.xml:70:17-79
99-->src/main/AndroidManifest.xml:70:25-76
100                <action android:name="android.intent.action.MY_PACKAGE_REPLACED" />
100-->src/main/AndroidManifest.xml:71:17-84
100-->src/main/AndroidManifest.xml:71:25-81
101                <action android:name="android.intent.action.QUICKBOOT_POWERON" />
101-->src/main/AndroidManifest.xml:72:17-82
101-->src/main/AndroidManifest.xml:72:25-79
102                <action android:name="com.htc.intent.action.QUICKBOOT_POWERON" />
102-->src/main/AndroidManifest.xml:73:17-82
102-->src/main/AndroidManifest.xml:73:25-79
103            </intent-filter>
104        </receiver>
105
106        <!-- Notification -->
107
108        <service
108-->[:firebase_messaging] AndroidManifest.xml:14:9-17:72
109            android:name="io.flutter.plugins.firebase.messaging.FlutterFirebaseMessagingBackgroundService"
109-->[:firebase_messaging] AndroidManifest.xml:15:13-107
110            android:exported="false"
110-->[:firebase_messaging] AndroidManifest.xml:16:13-37
111            android:permission="android.permission.BIND_JOB_SERVICE" />
111-->[:firebase_messaging] AndroidManifest.xml:17:13-69
112        <service
112-->[:firebase_messaging] AndroidManifest.xml:18:9-24:19
113            android:name="io.flutter.plugins.firebase.messaging.FlutterFirebaseMessagingService"
113-->[:firebase_messaging] AndroidManifest.xml:19:13-97
114            android:exported="false" >
114-->[:firebase_messaging] AndroidManifest.xml:20:13-37
115            <intent-filter>
115-->[:firebase_messaging] AndroidManifest.xml:21:13-23:29
116                <action android:name="com.google.firebase.MESSAGING_EVENT" />
116-->[:firebase_messaging] AndroidManifest.xml:22:17-78
116-->[:firebase_messaging] AndroidManifest.xml:22:25-75
117            </intent-filter>
118        </service>
119
120        <receiver
120-->[:firebase_messaging] AndroidManifest.xml:26:9-33:20
121            android:name="io.flutter.plugins.firebase.messaging.FlutterFirebaseMessagingReceiver"
121-->[:firebase_messaging] AndroidManifest.xml:27:13-98
122            android:exported="true"
122-->[:firebase_messaging] AndroidManifest.xml:28:13-36
123            android:permission="com.google.android.c2dm.permission.SEND" >
123-->[:firebase_messaging] AndroidManifest.xml:29:13-73
124            <intent-filter>
124-->[:firebase_messaging] AndroidManifest.xml:30:13-32:29
125                <action android:name="com.google.android.c2dm.intent.RECEIVE" />
125-->[:firebase_messaging] AndroidManifest.xml:31:17-81
125-->[:firebase_messaging] AndroidManifest.xml:31:25-78
126            </intent-filter>
127        </receiver>
128
129        <service
129-->[:firebase_messaging] AndroidManifest.xml:35:9-39:19
130            android:name="com.google.firebase.components.ComponentDiscoveryService"
130-->[:firebase_messaging] AndroidManifest.xml:35:18-89
131            android:directBootAware="true"
131-->[com.google.firebase:firebase-common:21.0.0] AndroidManifest.xml:32:13-43
132            android:exported="false" >
132-->[com.google.firebase:firebase-messaging:24.1.0] AndroidManifest.xml:56:13-37
133            <meta-data
133-->[:firebase_messaging] AndroidManifest.xml:36:13-38:85
134                android:name="com.google.firebase.components:io.flutter.plugins.firebase.messaging.FlutterFirebaseAppRegistrar"
134-->[:firebase_messaging] AndroidManifest.xml:37:17-128
135                android:value="com.google.firebase.components.ComponentRegistrar" />
135-->[:firebase_messaging] AndroidManifest.xml:38:17-82
136            <meta-data
136-->[:firebase_remote_config] AndroidManifest.xml:9:13-11:85
137                android:name="com.google.firebase.components:io.flutter.plugins.firebase.firebaseremoteconfig.FlutterFirebaseAppRegistrar"
137-->[:firebase_remote_config] AndroidManifest.xml:10:17-139
138                android:value="com.google.firebase.components.ComponentRegistrar" />
138-->[:firebase_remote_config] AndroidManifest.xml:11:17-82
139            <meta-data
139-->[:firebase_core] AndroidManifest.xml:9:13-11:85
140                android:name="com.google.firebase.components:io.flutter.plugins.firebase.core.FlutterFirebaseCoreRegistrar"
140-->[:firebase_core] AndroidManifest.xml:10:17-124
141                android:value="com.google.firebase.components.ComponentRegistrar" />
141-->[:firebase_core] AndroidManifest.xml:11:17-82
142            <meta-data
142-->[com.google.firebase:firebase-messaging:24.1.0] AndroidManifest.xml:57:13-59:85
143                android:name="com.google.firebase.components:com.google.firebase.messaging.FirebaseMessagingKtxRegistrar"
143-->[com.google.firebase:firebase-messaging:24.1.0] AndroidManifest.xml:58:17-122
144                android:value="com.google.firebase.components.ComponentRegistrar" />
144-->[com.google.firebase:firebase-messaging:24.1.0] AndroidManifest.xml:59:17-82
145            <meta-data
145-->[com.google.firebase:firebase-messaging:24.1.0] AndroidManifest.xml:60:13-62:85
146                android:name="com.google.firebase.components:com.google.firebase.messaging.FirebaseMessagingRegistrar"
146-->[com.google.firebase:firebase-messaging:24.1.0] AndroidManifest.xml:61:17-119
147                android:value="com.google.firebase.components.ComponentRegistrar" />
147-->[com.google.firebase:firebase-messaging:24.1.0] AndroidManifest.xml:62:17-82
148            <meta-data
148-->[com.google.android.gms:play-services-measurement-api:22.2.0] AndroidManifest.xml:33:13-35:85
149                android:name="com.google.firebase.components:com.google.firebase.analytics.connector.internal.AnalyticsConnectorRegistrar"
149-->[com.google.android.gms:play-services-measurement-api:22.2.0] AndroidManifest.xml:34:17-139
150                android:value="com.google.firebase.components.ComponentRegistrar" />
150-->[com.google.android.gms:play-services-measurement-api:22.2.0] AndroidManifest.xml:35:17-82
151            <meta-data
151-->[com.google.firebase:firebase-config:22.1.0] AndroidManifest.xml:29:13-31:85
152                android:name="com.google.firebase.components:com.google.firebase.remoteconfig.FirebaseRemoteConfigKtxRegistrar"
152-->[com.google.firebase:firebase-config:22.1.0] AndroidManifest.xml:30:17-128
153                android:value="com.google.firebase.components.ComponentRegistrar" />
153-->[com.google.firebase:firebase-config:22.1.0] AndroidManifest.xml:31:17-82
154            <meta-data
154-->[com.google.firebase:firebase-config:22.1.0] AndroidManifest.xml:32:13-34:85
155                android:name="com.google.firebase.components:com.google.firebase.remoteconfig.RemoteConfigRegistrar"
155-->[com.google.firebase:firebase-config:22.1.0] AndroidManifest.xml:33:17-117
156                android:value="com.google.firebase.components.ComponentRegistrar" />
156-->[com.google.firebase:firebase-config:22.1.0] AndroidManifest.xml:34:17-82
157            <meta-data
157-->[com.google.firebase:firebase-installations:18.0.0] AndroidManifest.xml:15:13-17:85
158                android:name="com.google.firebase.components:com.google.firebase.installations.FirebaseInstallationsKtxRegistrar"
158-->[com.google.firebase:firebase-installations:18.0.0] AndroidManifest.xml:16:17-130
159                android:value="com.google.firebase.components.ComponentRegistrar" />
159-->[com.google.firebase:firebase-installations:18.0.0] AndroidManifest.xml:17:17-82
160            <meta-data
160-->[com.google.firebase:firebase-installations:18.0.0] AndroidManifest.xml:18:13-20:85
161                android:name="com.google.firebase.components:com.google.firebase.installations.FirebaseInstallationsRegistrar"
161-->[com.google.firebase:firebase-installations:18.0.0] AndroidManifest.xml:19:17-127
162                android:value="com.google.firebase.components.ComponentRegistrar" />
162-->[com.google.firebase:firebase-installations:18.0.0] AndroidManifest.xml:20:17-82
163            <meta-data
163-->[com.google.firebase:firebase-common-ktx:21.0.0] AndroidManifest.xml:12:13-14:85
164                android:name="com.google.firebase.components:com.google.firebase.ktx.FirebaseCommonLegacyRegistrar"
164-->[com.google.firebase:firebase-common-ktx:21.0.0] AndroidManifest.xml:13:17-116
165                android:value="com.google.firebase.components.ComponentRegistrar" />
165-->[com.google.firebase:firebase-common-ktx:21.0.0] AndroidManifest.xml:14:17-82
166            <meta-data
166-->[com.google.firebase:firebase-common:21.0.0] AndroidManifest.xml:35:13-37:85
167                android:name="com.google.firebase.components:com.google.firebase.FirebaseCommonKtxRegistrar"
167-->[com.google.firebase:firebase-common:21.0.0] AndroidManifest.xml:36:17-109
168                android:value="com.google.firebase.components.ComponentRegistrar" />
168-->[com.google.firebase:firebase-common:21.0.0] AndroidManifest.xml:37:17-82
169            <meta-data
169-->[com.google.firebase:firebase-abt:21.1.1] AndroidManifest.xml:12:13-14:85
170                android:name="com.google.firebase.components:com.google.firebase.abt.component.AbtRegistrar"
170-->[com.google.firebase:firebase-abt:21.1.1] AndroidManifest.xml:13:17-109
171                android:value="com.google.firebase.components.ComponentRegistrar" />
171-->[com.google.firebase:firebase-abt:21.1.1] AndroidManifest.xml:14:17-82
172            <meta-data
172-->[com.google.firebase:firebase-datatransport:18.2.0] AndroidManifest.xml:25:13-27:85
173                android:name="com.google.firebase.components:com.google.firebase.datatransport.TransportRegistrar"
173-->[com.google.firebase:firebase-datatransport:18.2.0] AndroidManifest.xml:26:17-115
174                android:value="com.google.firebase.components.ComponentRegistrar" />
174-->[com.google.firebase:firebase-datatransport:18.2.0] AndroidManifest.xml:27:17-82
175        </service>
176
177        <provider
177-->[:firebase_messaging] AndroidManifest.xml:41:9-45:38
178            android:name="io.flutter.plugins.firebase.messaging.FlutterFirebaseMessagingInitProvider"
178-->[:firebase_messaging] AndroidManifest.xml:42:13-102
179            android:authorities="com.irootsm.st_thomas.flutterfirebasemessaginginitprovider"
179-->[:firebase_messaging] AndroidManifest.xml:43:13-88
180            android:exported="false"
180-->[:firebase_messaging] AndroidManifest.xml:44:13-37
181            android:initOrder="99" />
181-->[:firebase_messaging] AndroidManifest.xml:45:13-35
182
183        <activity
183-->[:flutter_inappwebview_android] AndroidManifest.xml:14:9-18:47
184            android:name="com.pichillilorenzo.flutter_inappwebview_android.in_app_browser.InAppBrowserActivity"
184-->[:flutter_inappwebview_android] AndroidManifest.xml:15:13-112
185            android:configChanges="orientation|keyboardHidden|keyboard|screenSize|locale|layoutDirection|fontScale|screenLayout|density"
185-->[:flutter_inappwebview_android] AndroidManifest.xml:16:13-137
186            android:exported="false"
186-->[:flutter_inappwebview_android] AndroidManifest.xml:17:13-37
187            android:theme="@style/AppTheme" />
187-->[:flutter_inappwebview_android] AndroidManifest.xml:18:13-44
188        <activity
188-->[:flutter_inappwebview_android] AndroidManifest.xml:19:9-22:55
189            android:name="com.pichillilorenzo.flutter_inappwebview_android.chrome_custom_tabs.ChromeCustomTabsActivity"
189-->[:flutter_inappwebview_android] AndroidManifest.xml:20:13-120
190            android:exported="false"
190-->[:flutter_inappwebview_android] AndroidManifest.xml:21:13-37
191            android:theme="@style/ThemeTransparent" />
191-->[:flutter_inappwebview_android] AndroidManifest.xml:22:13-52
192        <activity
192-->[:flutter_inappwebview_android] AndroidManifest.xml:23:9-26:55
193            android:name="com.pichillilorenzo.flutter_inappwebview_android.chrome_custom_tabs.TrustedWebActivity"
193-->[:flutter_inappwebview_android] AndroidManifest.xml:24:13-114
194            android:exported="false"
194-->[:flutter_inappwebview_android] AndroidManifest.xml:25:13-37
195            android:theme="@style/ThemeTransparent" />
195-->[:flutter_inappwebview_android] AndroidManifest.xml:26:13-52
196        <activity
196-->[:flutter_inappwebview_android] AndroidManifest.xml:27:9-31:55
197            android:name="com.pichillilorenzo.flutter_inappwebview_android.chrome_custom_tabs.ChromeCustomTabsActivitySingleInstance"
197-->[:flutter_inappwebview_android] AndroidManifest.xml:28:13-134
198            android:exported="false"
198-->[:flutter_inappwebview_android] AndroidManifest.xml:29:13-37
199            android:launchMode="singleInstance"
199-->[:flutter_inappwebview_android] AndroidManifest.xml:30:13-48
200            android:theme="@style/ThemeTransparent" />
200-->[:flutter_inappwebview_android] AndroidManifest.xml:31:13-52
201        <activity
201-->[:flutter_inappwebview_android] AndroidManifest.xml:32:9-36:55
202            android:name="com.pichillilorenzo.flutter_inappwebview_android.chrome_custom_tabs.TrustedWebActivitySingleInstance"
202-->[:flutter_inappwebview_android] AndroidManifest.xml:33:13-128
203            android:exported="false"
203-->[:flutter_inappwebview_android] AndroidManifest.xml:34:13-37
204            android:launchMode="singleInstance"
204-->[:flutter_inappwebview_android] AndroidManifest.xml:35:13-48
205            android:theme="@style/ThemeTransparent" />
205-->[:flutter_inappwebview_android] AndroidManifest.xml:36:13-52
206
207        <receiver
207-->[:flutter_inappwebview_android] AndroidManifest.xml:38:9-41:40
208            android:name="com.pichillilorenzo.flutter_inappwebview_android.chrome_custom_tabs.ActionBroadcastReceiver"
208-->[:flutter_inappwebview_android] AndroidManifest.xml:39:13-119
209            android:enabled="true"
209-->[:flutter_inappwebview_android] AndroidManifest.xml:40:13-35
210            android:exported="false" />
210-->[:flutter_inappwebview_android] AndroidManifest.xml:41:13-37
211
212        <meta-data
212-->[:flutter_inappwebview_android] AndroidManifest.xml:43:9-45:36
213            android:name="io.flutter.embedded_views_preview"
213-->[:flutter_inappwebview_android] AndroidManifest.xml:44:13-61
214            android:value="true" />
214-->[:flutter_inappwebview_android] AndroidManifest.xml:45:13-33
215
216        <service
216-->[:geolocator_android] AndroidManifest.xml:8:9-12:56
217            android:name="com.baseflow.geolocator.GeolocatorLocationService"
217-->[:geolocator_android] AndroidManifest.xml:9:13-77
218            android:enabled="true"
218-->[:geolocator_android] AndroidManifest.xml:10:13-35
219            android:exported="false"
219-->[:geolocator_android] AndroidManifest.xml:11:13-37
220            android:foregroundServiceType="location" />
220-->[:geolocator_android] AndroidManifest.xml:12:13-53
221
222        <activity
222-->[:url_launcher_android] AndroidManifest.xml:8:9-11:74
223            android:name="io.flutter.plugins.urllauncher.WebViewActivity"
223-->[:url_launcher_android] AndroidManifest.xml:9:13-74
224            android:exported="false"
224-->[:url_launcher_android] AndroidManifest.xml:10:13-37
225            android:theme="@android:style/Theme.NoTitleBar.Fullscreen" />
225-->[:url_launcher_android] AndroidManifest.xml:11:13-71
226
227        <uses-library
227-->[androidx.window:window:1.2.0] AndroidManifest.xml:23:9-25:40
228            android:name="androidx.window.extensions"
228-->[androidx.window:window:1.2.0] AndroidManifest.xml:24:13-54
229            android:required="false" />
229-->[androidx.window:window:1.2.0] AndroidManifest.xml:25:13-37
230        <uses-library
230-->[androidx.window:window:1.2.0] AndroidManifest.xml:26:9-28:40
231            android:name="androidx.window.sidecar"
231-->[androidx.window:window:1.2.0] AndroidManifest.xml:27:13-51
232            android:required="false" />
232-->[androidx.window:window:1.2.0] AndroidManifest.xml:28:13-37
233
234        <provider
234-->[androidx.emoji2:emoji2:1.2.0] AndroidManifest.xml:24:9-32:20
235            android:name="androidx.startup.InitializationProvider"
235-->[androidx.emoji2:emoji2:1.2.0] AndroidManifest.xml:25:13-67
236            android:authorities="com.irootsm.st_thomas.androidx-startup"
236-->[androidx.emoji2:emoji2:1.2.0] AndroidManifest.xml:26:13-68
237            android:exported="false" >
237-->[androidx.emoji2:emoji2:1.2.0] AndroidManifest.xml:27:13-37
238            <meta-data
238-->[androidx.emoji2:emoji2:1.2.0] AndroidManifest.xml:29:13-31:52
239                android:name="androidx.emoji2.text.EmojiCompatInitializer"
239-->[androidx.emoji2:emoji2:1.2.0] AndroidManifest.xml:30:17-75
240                android:value="androidx.startup" />
240-->[androidx.emoji2:emoji2:1.2.0] AndroidManifest.xml:31:17-49
241            <meta-data
241-->[androidx.lifecycle:lifecycle-process:2.7.0] AndroidManifest.xml:29:13-31:52
242                android:name="androidx.lifecycle.ProcessLifecycleInitializer"
242-->[androidx.lifecycle:lifecycle-process:2.7.0] AndroidManifest.xml:30:17-78
243                android:value="androidx.startup" />
243-->[androidx.lifecycle:lifecycle-process:2.7.0] AndroidManifest.xml:31:17-49
244            <meta-data
244-->[androidx.profileinstaller:profileinstaller:1.3.1] AndroidManifest.xml:29:13-31:52
245                android:name="androidx.profileinstaller.ProfileInstallerInitializer"
245-->[androidx.profileinstaller:profileinstaller:1.3.1] AndroidManifest.xml:30:17-85
246                android:value="androidx.startup" />
246-->[androidx.profileinstaller:profileinstaller:1.3.1] AndroidManifest.xml:31:17-49
247        </provider>
248
249        <receiver
249-->[com.google.firebase:firebase-messaging:24.1.0] AndroidManifest.xml:29:9-40:20
250            android:name="com.google.firebase.iid.FirebaseInstanceIdReceiver"
250-->[com.google.firebase:firebase-messaging:24.1.0] AndroidManifest.xml:30:13-78
251            android:exported="true"
251-->[com.google.firebase:firebase-messaging:24.1.0] AndroidManifest.xml:31:13-36
252            android:permission="com.google.android.c2dm.permission.SEND" >
252-->[com.google.firebase:firebase-messaging:24.1.0] AndroidManifest.xml:32:13-73
253            <intent-filter>
253-->[:firebase_messaging] AndroidManifest.xml:30:13-32:29
254                <action android:name="com.google.android.c2dm.intent.RECEIVE" />
254-->[:firebase_messaging] AndroidManifest.xml:31:17-81
254-->[:firebase_messaging] AndroidManifest.xml:31:25-78
255            </intent-filter>
256
257            <meta-data
257-->[com.google.firebase:firebase-messaging:24.1.0] AndroidManifest.xml:37:13-39:40
258                android:name="com.google.android.gms.cloudmessaging.FINISHED_AFTER_HANDLED"
258-->[com.google.firebase:firebase-messaging:24.1.0] AndroidManifest.xml:38:17-92
259                android:value="true" />
259-->[com.google.firebase:firebase-messaging:24.1.0] AndroidManifest.xml:39:17-37
260        </receiver>
261        <!--
262             FirebaseMessagingService performs security checks at runtime,
263             but set to not exported to explicitly avoid allowing another app to call it.
264        -->
265        <service
265-->[com.google.firebase:firebase-messaging:24.1.0] AndroidManifest.xml:46:9-53:19
266            android:name="com.google.firebase.messaging.FirebaseMessagingService"
266-->[com.google.firebase:firebase-messaging:24.1.0] AndroidManifest.xml:47:13-82
267            android:directBootAware="true"
267-->[com.google.firebase:firebase-messaging:24.1.0] AndroidManifest.xml:48:13-43
268            android:exported="false" >
268-->[com.google.firebase:firebase-messaging:24.1.0] AndroidManifest.xml:49:13-37
269            <intent-filter android:priority="-500" >
269-->[:firebase_messaging] AndroidManifest.xml:21:13-23:29
270                <action android:name="com.google.firebase.MESSAGING_EVENT" />
270-->[:firebase_messaging] AndroidManifest.xml:22:17-78
270-->[:firebase_messaging] AndroidManifest.xml:22:25-75
271            </intent-filter>
272        </service>
273
274        <provider
274-->[com.google.firebase:firebase-common:21.0.0] AndroidManifest.xml:23:9-28:39
275            android:name="com.google.firebase.provider.FirebaseInitProvider"
275-->[com.google.firebase:firebase-common:21.0.0] AndroidManifest.xml:24:13-77
276            android:authorities="com.irootsm.st_thomas.firebaseinitprovider"
276-->[com.google.firebase:firebase-common:21.0.0] AndroidManifest.xml:25:13-72
277            android:directBootAware="true"
277-->[com.google.firebase:firebase-common:21.0.0] AndroidManifest.xml:26:13-43
278            android:exported="false"
278-->[com.google.firebase:firebase-common:21.0.0] AndroidManifest.xml:27:13-37
279            android:initOrder="100" />
279-->[com.google.firebase:firebase-common:21.0.0] AndroidManifest.xml:28:13-36
280
281        <receiver
281-->[com.google.android.gms:play-services-measurement:22.2.0] AndroidManifest.xml:29:9-33:20
282            android:name="com.google.android.gms.measurement.AppMeasurementReceiver"
282-->[com.google.android.gms:play-services-measurement:22.2.0] AndroidManifest.xml:30:13-85
283            android:enabled="true"
283-->[com.google.android.gms:play-services-measurement:22.2.0] AndroidManifest.xml:31:13-35
284            android:exported="false" >
284-->[com.google.android.gms:play-services-measurement:22.2.0] AndroidManifest.xml:32:13-37
285        </receiver>
286
287        <service